<?xml version="1.0" encoding="utf-8"?><testsuites name="pytest tests"><testsuite name="pytest" errors="0" failures="0" skipped="0" tests="33" time="4.959" timestamp="2026-07-07T10:51:19.797540+00:00" hostname="agent-env-52138386-81da-4c6f-8422-7ea2c9a9b9cb"><testcase classname="tests.test_auth.TestPublicReadEndpoints" name="test_root" time="0.264" /><testcase classname="tests.test_auth.TestProtectedEndpointsNoAuth" name="test_upload_no_auth" time="0.291" /><testcase classname="tests.test_auth.TestPublicReadEndpoints" name="test_stats" time="0.102" /><testcase classname="tests.test_auth.TestProtectedEndpointsNoAuth" name="test_create_subject_no_auth" time="0.122" /><testcase classname="tests.test_auth.TestPublicReadEndpoints" name="test_subjects_list" time="0.121" /><testcase classname="tests.test_auth.TestProtectedEndpointsNoAuth" name="test_delete_subject_no_auth" time="0.089" /><testcase classname="tests.test_auth.TestPublicReadEndpoints" name="test_subject_detail" time="0.247" /><testcase classname="tests.test_auth.TestProtectedEndpointsNoAuth" name="test_create_module_no_auth" time="0.128" /><testcase classname="tests.test_auth.TestProtectedEndpointsNoAuth" name="test_delete_module_no_auth" time="0.130" /><testcase classname="tests.test_auth.TestPublicReadEndpoints" name="test_subject_modules" time="0.274" /><testcase classname="tests.test_auth.TestProtectedEndpointsNoAuth" name="test_create_resource_no_auth" time="0.176" /><testcase classname="tests.test_auth.TestProtectedEndpointsNoAuth" name="test_delete_resource_no_auth" time="0.142" /><testcase classname="tests.test_auth.TestPublicReadEndpoints" name="test_files_list" time="0.109" /><testcase classname="tests.test_auth.TestProtectedEndpointsNoAuth" name="test_patch_file_no_auth" time="0.097" /><testcase classname="tests.test_auth.TestPublicReadEndpoints" name="test_resources_list" time="0.096" /><testcase classname="tests.test_auth.TestProtectedEndpointsNoAuth" name="test_delete_file_no_auth" time="0.099" /><testcase classname="tests.test_auth.TestPublicReadEndpoints" name="test_analytics_trending" time="0.120" /><testcase classname="tests.test_auth.TestProtectedEndpointsNoAuth" name="test_upload_forged_token" time="0.136" /><testcase classname="tests.test_auth.TestPublicReadEndpoints" name="test_credits_totals" time="0.123" /><testcase classname="tests.test_auth.TestAuthMe" name="test_me_without_token" time="0.106" /><testcase classname="tests.test_auth.TestLogin" name="test_login_success" time="0.322" /><testcase classname="tests.test_auth.TestLogin" name="test_login_wrong_password" time="0.502" /><testcase classname="tests.test_auth.TestAuthMe" name="test_me_with_valid_token" time="0.761" /><testcase classname="tests.test_auth.TestAuthMe" name="test_me_with_malformed_token" time="0.094" /><testcase classname="tests.test_auth.TestLogin" name="test_login_wrong_email_no_enumeration" time="0.131" /><testcase classname="tests.test_auth.TestAuthMe" name="test_me_with_random_string" time="0.091" /><testcase classname="tests.test_auth.TestLogin" name="test_login_case_insensitive_email" time="0.370" /><testcase classname="tests.test_auth.TestAuthMe" name="test_me_with_forged_token_wrong_secret" time="0.272" /><testcase classname="tests.test_auth.TestAuthMe" name="test_me_missing_bearer_prefix" time="0.106" /><testcase classname="tests.test_auth.TestSecurity" name="test_valid_signature_but_wrong_role_rejected" time="0.269" /><testcase classname="tests.test_auth.TestSecurity" name="test_expired_signature_style" time="0.103" /><testcase classname="tests.test_auth.TestProtectedEndpointsWithAuth" name="test_upload_notes_with_auth" time="1.128" /><testcase classname="tests.test_auth.TestProtectedEndpointsWithAuth" name="test_create_and_delete_resource" time="0.390" /></testsuite></testsuites>