<?xml version="1.0" encoding="utf-8"?><testsuites name="pytest tests"><testsuite name="pytest" errors="0" failures="0" skipped="0" tests="19" time="4.221" timestamp="2026-07-07T19:07:49.595317+00:00" hostname="agent-env-52138386-81da-4c6f-8422-7ea2c9a9b9cb"><testcase classname="tests.test_iteration10_gitignore_regression.TestGitignoreFix" name="test_gitignore_exists" time="0.000" /><testcase classname="tests.test_iteration10_gitignore_regression.TestPublicReads" name="test_files" time="0.205" /><testcase classname="tests.test_iteration10_gitignore_regression.TestGitignoreFix" name="test_no_env_patterns" time="0.003" /><testcase classname="tests.test_iteration10_gitignore_regression.TestGitignoreFix" name="test_still_ignores_secrets" time="0.000" /><testcase classname="tests.test_iteration10_gitignore_regression.TestGitignoreFix" name="test_line_count_reasonable" time="0.000" /><testcase classname="tests.test_iteration10_gitignore_regression.TestSmokeBackend" name="test_root" time="0.244" /><testcase classname="tests.test_iteration10_gitignore_regression.TestPublicReads" name="test_subjects" time="0.057" /><testcase classname="tests.test_iteration10_gitignore_regression.TestSmokeBackend" name="test_stats" time="0.057" /><testcase classname="tests.test_iteration10_gitignore_regression.TestPublicReads" name="test_analytics_trending" time="0.090" /><testcase classname="tests.test_iteration10_gitignore_regression.TestSmokeBackend" name="test_subjects_count_and_credits" time="0.053" /><testcase classname="tests.test_iteration10_gitignore_regression.TestPublicReads" name="test_resources" time="0.050" /><testcase classname="tests.test_iteration10_gitignore_regression.TestPublicReads" name="test_modules_by_subject" time="0.334" /><testcase classname="tests.test_iteration10_gitignore_regression.TestAuth" name="test_login_valid" time="0.273" /><testcase classname="tests.test_iteration10_gitignore_regression.TestAuth" name="test_upload_without_token_401" time="0.051" /><testcase classname="tests.test_iteration10_gitignore_regression.TestAuth" name="test_login_invalid_credentials" time="0.311" /><testcase classname="tests.test_iteration10_gitignore_regression.TestImages" name="test_bitverse_logo" time="0.058" /><testcase classname="tests.test_iteration10_gitignore_regression.TestImages" name="test_adesh_yash" time="0.101" /><testcase classname="tests.test_iteration10_gitignore_regression.TestTrending" name="test_trending_limit_8" time="0.068" /><testcase classname="tests.test_iteration10_gitignore_regression.TestFileEndpoints" name="test_file_view_and_download" time="2.598" /></testsuite></testsuites>