<?xml version="1.0" encoding="utf-8"?><testsuites name="pytest tests"><testsuite name="pytest" errors="0" failures="0" skipped="0" tests="21" time="3.946" timestamp="2026-07-07T11:11:34.039110+00:00" hostname="agent-env-52138386-81da-4c6f-8422-7ea2c9a9b9cb"><testcase classname="tests.test_iteration9_changes.TestMongoIndexes" name="test_subjects_indexes" time="0.010" /><testcase classname="tests.test_iteration9_changes.TestMongoIndexes" name="test_modules_indexes" time="0.004" /><testcase classname="tests.test_iteration9_changes.TestMongoIndexes" name="test_files_indexes" time="0.004" /><testcase classname="tests.test_iteration9_changes.TestMongoIndexes" name="test_subject_stats_unique_index" time="0.024" /><testcase classname="tests.test_iteration9_changes.TestMongoIndexes" name="test_admin_user_unique_email" time="0.004" /><testcase classname="tests.test_iteration9_changes.TestSubjectsAndPTRemoval" name="test_total_subject_count_is_19" time="0.179" /><testcase classname="tests.test_iteration9_changes.TestSubjectsAndPTRemoval" name="test_no_pt_and_games" time="0.000" /><testcase classname="tests.test_iteration9_changes.TestSubjectsAndPTRemoval" name="test_sem1_count_is_10" time="0.000" /><testcase classname="tests.test_iteration9_changes.TestSubjectsAndPTRemoval" name="test_sem2_count_is_9" time="0.000" /><testcase classname="tests.test_iteration9_changes.TestCredits" name="test_all_subject_credits_match_spec" time="0.141" /><testcase classname="tests.test_iteration9_changes.TestCredits" name="test_sem1_total_credits_is_22" time="0.000" /><testcase classname="tests.test_iteration9_changes.TestCredits" name="test_sem2_total_credits_is_21_5" time="0.000" /><testcase classname="tests.test_iteration9_changes.TestAuthRegression" name="test_admin_login_still_works" time="0.490" /><testcase classname="tests.test_iteration9_changes.TestLiveTrackerRealLoad" name="test_view_and_download_increment_stats" time="2.894" /><testcase classname="tests.test_iteration9_changes.TestAuthRegression" name="test_admin_login_invalid" time="0.470" /><testcase classname="tests.test_iteration9_changes.TestAuthRegression" name="test_protected_endpoint_requires_auth" time="0.226" /><testcase classname="tests.test_iteration9_changes.TestGzipAndPerformance" name="test_subjects_gzip_encoding" time="0.053" /><testcase classname="tests.test_iteration9_changes.TestGzipAndPerformance" name="test_subjects_fast_response" time="0.220" /><testcase classname="tests.test_iteration9_changes.TestStats" name="test_stats_endpoint" time="0.182" /><testcase classname="tests.test_iteration9_changes.TestLiveTrackerRealLoad" name="test_trending_sorted_by_score_desc" time="0.046" /><testcase classname="tests.test_iteration9_changes.TestLiveTrackerRealLoad" name="test_trending_returns_at_most_limit" time="0.059" /></testsuite></testsuites>