<?xml version="1.0" encoding="utf-8"?><testsuites name="pytest tests"><testsuite name="pytest" errors="0" failures="0" skipped="0" tests="13" time="2.989" timestamp="2026-07-06T08:52:49.401953+00:00" hostname="agent-env-52138386-81da-4c6f-8422-7ea2c9a9b9cb"><testcase classname="tests.backend_test.TestSubjects" name="test_list_all" time="0.169" /><testcase classname="tests.backend_test.TestSubjects" name="test_list_sem1" time="0.042" /><testcase classname="tests.backend_test.TestSubjects" name="test_list_sem2" time="0.038" /><testcase classname="tests.backend_test.TestSubjects" name="test_modules_for_subject" time="0.267" /><testcase classname="tests.backend_test.TestFileUploads" name="test_upload_notes" time="0.607" /><testcase classname="tests.backend_test.TestSubjects" name="test_create_and_delete_subject_cascade" time="0.562" /><testcase classname="tests.backend_test.TestFileUploads" name="test_upload_pyq_and_filter" time="0.742" /><testcase classname="tests.backend_test.TestMeta" name="test_root" time="0.079" /><testcase classname="tests.backend_test.TestMeta" name="test_stats" time="0.142" /><testcase classname="tests.backend_test.TestResources" name="test_create_list_delete_resource" time="0.437" /><testcase classname="tests.backend_test.TestFileUploads" name="test_upload_syllabus" time="0.183" /><testcase classname="tests.backend_test.TestFileUploads" name="test_view_and_download" time="0.329" /><testcase classname="tests.backend_test.TestFileUploads" name="test_soft_delete" time="0.648" /></testsuite></testsuites>