<?xml version="1.0" encoding="utf-8"?><testsuites name="pytest tests"><testsuite name="pytest" errors="0" failures="0" skipped="0" tests="12" time="5.451" timestamp="2026-07-06T11:17:06.582675+00:00" hostname="agent-env-52138386-81da-4c6f-8422-7ea2c9a9b9cb"><testcase classname="tests.test_trending_and_assets.TestRegression" name="test_stats_still_works" time="0.172" /><testcase classname="tests.test_trending_and_assets.TestTrendingAnalytics" name="test_trending_endpoint_shape" time="0.150" /><testcase classname="tests.test_trending_and_assets.TestTrendingAnalytics" name="test_trending_sorted_desc_by_score" time="0.083" /><testcase classname="tests.test_trending_and_assets.TestRegression" name="test_subjects_still_returns_20" time="0.052" /><testcase classname="tests.test_trending_and_assets.TestRegression" name="test_root_endpoint" time="0.048" /><testcase classname="tests.test_trending_and_assets.TestTrendingAnalytics" name="test_trending_limit_param" time="0.042" /><testcase classname="tests.test_trending_and_assets.TestViewDownloadTracking" name="test_view_increments_or_returns_bytes" time="1.881" /><testcase classname="tests.test_trending_and_assets.TestAssetsFromOrigin" name="test_logo_asset_returns_200" time="0.063" /><testcase classname="tests.test_trending_and_assets.TestAssetsFromOrigin" name="test_developer_photo_asset_returns_200" time="0.094" /><testcase classname="tests.test_trending_and_assets.TestViewDownloadTracking" name="test_download_returns_bytes" time="0.685" /><testcase classname="tests.test_trending_and_assets.TestPerRowFallbackRegression" name="test_per_row_fallback_after_real_activity" time="1.920" /><testcase classname="tests.test_trending_and_assets.TestPerRowFallbackRegression" name="test_limit_variations_never_return_zero_score" time="0.177" /></testsuite></testsuites>